[debug] [2018-07-24T01:31:14.850Z] ----------------------------------------------------------------------
[debug] [2018-07-24T01:31:14.853Z] Command:       /usr/local/bin/node /usr/local/bin/firebase init --debug
[debug] [2018-07-24T01:31:14.854Z] CLI Version:   3.19.3
[debug] [2018-07-24T01:31:14.854Z] Platform:      darwin
[debug] [2018-07-24T01:31:14.854Z] Node Version:  v8.11.3
[debug] [2018-07-24T01:31:14.854Z] Time:          Mon Jul 23 2018 21:31:14 GMT-0400 (EDT)
[debug] [2018-07-24T01:31:14.854Z] ----------------------------------------------------------------------
[debug] 
[debug] [2018-07-24T01:31:14.862Z] > command requires scopes: ["email","openid","https://www.googleapis.com/auth/cloudplatformprojects.readonly","https://www.googleapis.com/auth/firebase"]
[debug] [2018-07-24T01:31:14.862Z] > authorizing via signed-in user
[info] 
     🔥🔥🔥🔥🔥🔥🔥🔥 🔥🔥🔥🔥 🔥🔥🔥🔥🔥🔥🔥🔥  🔥🔥🔥🔥🔥🔥🔥🔥 🔥🔥🔥🔥🔥🔥🔥🔥     🔥🔥🔥     🔥🔥🔥🔥🔥🔥  🔥🔥🔥🔥🔥🔥🔥🔥
     🔥🔥        🔥🔥  🔥🔥     🔥🔥 🔥🔥       🔥🔥     🔥🔥  🔥🔥   🔥🔥  🔥🔥       🔥🔥
     🔥🔥🔥🔥🔥🔥    🔥🔥  🔥🔥🔥🔥🔥🔥🔥🔥  🔥🔥🔥🔥🔥🔥   🔥🔥🔥🔥🔥🔥🔥🔥  🔥🔥🔥🔥🔥🔥🔥🔥🔥  🔥🔥🔥🔥🔥🔥  🔥🔥🔥🔥🔥🔥
     🔥🔥        🔥🔥  🔥🔥    🔥🔥  🔥🔥       🔥🔥     🔥🔥 🔥🔥     🔥🔥       🔥🔥 🔥🔥
     🔥🔥       🔥🔥🔥🔥 🔥🔥     🔥🔥 🔥🔥🔥🔥🔥🔥🔥🔥 🔥🔥🔥🔥🔥🔥🔥🔥  🔥🔥     🔥🔥  🔥🔥🔥🔥🔥🔥  🔥🔥🔥🔥🔥🔥🔥🔥

You're about to initialize a Firebase project in this directory:

  /Users/Yiran/Documents/GitHub/mstu5013YiranDU

[info] 
=== Project Setup
[info] 
[info] First, let's associate this project directory with a Firebase project.
[info] You can create multiple project aliases by running firebase use --add, 
[info] but for now we'll just set up a default project.
[info] 
[debug] [2018-07-24T01:31:20.911Z] >>> HTTP REQUEST GET https://admin.firebase.com/v1/projects  
  
 Mon Jul 23 2018 21:31:20 GMT-0400 (EDT)
[debug] [2018-07-24T01:31:21.460Z] <<< HTTP RESPONSE 200
[info] 
=== Database Setup
[info] 
[info] Firebase Realtime Database Rules allow you to define how your data should be
[info] structured and when your data can be read from and written to.
[info] 
[debug] [2018-07-24T01:31:41.881Z] >>> HTTP REQUEST GET https://mstu5013-final-project.firebaseio.com/.settings/rules.json  
  
 Mon Jul 23 2018 21:31:41 GMT-0400 (EDT)
[debug] [2018-07-24T01:31:42.123Z] <<< HTTP RESPONSE 200
[info] ✔  Database Rules for mstu5013-final-project have been downloaded to database.rules.json.
[info] Future modifications to database.rules.json will update Database Rules when you run
[info] firebase deploy.
[info] 
=== Hosting Setup
[info] 
[info] Your public directory is the folder (relative to your project directory) that
[info] will contain Hosting assets to be uploaded with firebase deploy. If you
[info] have a build process for your assets, use your build's output directory.
[info] 
[debug] [2018-07-24T01:31:44.409Z] >>> HTTP REQUEST GET https://www.gstatic.com/firebasejs/releases.json  
  
 Mon Jul 23 2018 21:31:44 GMT-0400 (EDT)
[debug] [2018-07-24T01:31:44.556Z] <<< HTTP RESPONSE 200
[debug] [2018-07-24T01:31:44.559Z] Error: ENOTDIR: not a directory, open '/Users/Yiran/Documents/GitHub/mstu5013YiranDU/public/index.html'
    at Object.fs.openSync (fs.js:646:18)
    at Object.fs.writeFileSync (fs.js:1299:33)
    at Object.createFileSync (/usr/local/lib/node_modules/firebase-tools/node_modules/fs-extra/lib/ensure/file.js:34:6)
    at Config.writeProjectFile (/usr/local/lib/node_modules/firebase-tools/lib/config.js:194:6)
    at /usr/local/lib/node_modules/firebase-tools/lib/config.js:214:12
    at <anonymous>
    at process._tickDomainCallback (internal/process/next_tick.js:228:7)
[error] 
[error] Error: An unexpected error has occurred.
[debug] [2018-07-24T01:32:39.316Z] ----------------------------------------------------------------------
[debug] [2018-07-24T01:32:39.318Z] Command:       /usr/local/bin/node /usr/local/bin/firebase init
[debug] [2018-07-24T01:32:39.318Z] CLI Version:   3.19.3
[debug] [2018-07-24T01:32:39.318Z] Platform:      darwin
[debug] [2018-07-24T01:32:39.318Z] Node Version:  v8.11.3
[debug] [2018-07-24T01:32:39.319Z] Time:          Mon Jul 23 2018 21:32:39 GMT-0400 (EDT)
[debug] [2018-07-24T01:32:39.319Z] ----------------------------------------------------------------------
[debug] 
[debug] [2018-07-24T01:32:39.329Z] > command requires scopes: ["email","openid","https://www.googleapis.com/auth/cloudplatformprojects.readonly","https://www.googleapis.com/auth/firebase"]
[debug] [2018-07-24T01:32:39.329Z] > authorizing via signed-in user
[info] 
     🔥🔥🔥🔥🔥🔥🔥🔥 🔥🔥🔥🔥 🔥🔥🔥🔥🔥🔥🔥🔥  🔥🔥🔥🔥🔥🔥🔥🔥 🔥🔥🔥🔥🔥🔥🔥🔥     🔥🔥🔥     🔥🔥🔥🔥🔥🔥  🔥🔥🔥🔥🔥🔥🔥🔥
     🔥🔥        🔥🔥  🔥🔥     🔥🔥 🔥🔥       🔥🔥     🔥🔥  🔥🔥   🔥🔥  🔥🔥       🔥🔥
     🔥🔥🔥🔥🔥🔥    🔥🔥  🔥🔥🔥🔥🔥🔥🔥🔥  🔥🔥🔥🔥🔥🔥   🔥🔥🔥🔥🔥🔥🔥🔥  🔥🔥🔥🔥🔥🔥🔥🔥🔥  🔥🔥🔥🔥🔥🔥  🔥🔥🔥🔥🔥🔥
     🔥🔥        🔥🔥  🔥🔥    🔥🔥  🔥🔥       🔥🔥     🔥🔥 🔥🔥     🔥🔥       🔥🔥 🔥🔥
     🔥🔥       🔥🔥🔥🔥 🔥🔥     🔥🔥 🔥🔥🔥🔥🔥🔥🔥🔥 🔥🔥🔥🔥🔥🔥🔥🔥  🔥🔥     🔥🔥  🔥🔥🔥🔥🔥🔥  🔥🔥🔥🔥🔥🔥🔥🔥

You're about to initialize a Firebase project in this directory:

  /Users/Yiran/Documents/GitHub/mstu5013YiranDU

[info] 
=== Project Setup
[info] 
[info] First, let's associate this project directory with a Firebase project.
[info] You can create multiple project aliases by running firebase use --add, 
[info] but for now we'll just set up a default project.
[info] 
[debug] [2018-07-24T01:32:42.666Z] >>> HTTP REQUEST GET https://admin.firebase.com/v1/projects  
  
 Mon Jul 23 2018 21:32:42 GMT-0400 (EDT)
[debug] [2018-07-24T01:32:42.961Z] <<< HTTP RESPONSE 200
[info] 
=== Database Setup
[info] 
[info] Firebase Realtime Database Rules allow you to define how your data should be
[info] structured and when your data can be read from and written to.
[info] 
[info] ✔  Database Rules for undefined have been downloaded to database.rules.json.
[info] Future modifications to database.rules.json will update Database Rules when you run
[info] firebase deploy.
[info] 
=== Hosting Setup
[info] 
[info] Your public directory is the folder (relative to your project directory) that
[info] will contain Hosting assets to be uploaded with firebase deploy. If you
[info] have a build process for your assets, use your build's output directory.
[info] 
[debug] [2018-07-24T01:33:11.306Z] >>> HTTP REQUEST GET https://www.gstatic.com/firebasejs/releases.json  
  
 Mon Jul 23 2018 21:33:11 GMT-0400 (EDT)
[debug] [2018-07-24T01:33:11.355Z] <<< HTTP RESPONSE 200
[debug] [2018-07-24T01:33:11.358Z] Error: ENOTDIR: not a directory, open '/Users/Yiran/Documents/GitHub/mstu5013YiranDU/public/index.html'
    at Object.fs.openSync (fs.js:646:18)
    at Object.fs.writeFileSync (fs.js:1299:33)
    at Object.createFileSync (/usr/local/lib/node_modules/firebase-tools/node_modules/fs-extra/lib/ensure/file.js:34:6)
    at Config.writeProjectFile (/usr/local/lib/node_modules/firebase-tools/lib/config.js:194:6)
    at /usr/local/lib/node_modules/firebase-tools/lib/config.js:214:12
    at <anonymous>
    at process._tickDomainCallback (internal/process/next_tick.js:228:7)
[error] 
[error] Error: An unexpected error has occurred.
[debug] [2018-07-24T01:35:33.449Z] ----------------------------------------------------------------------
[debug] [2018-07-24T01:35:33.451Z] Command:       /usr/local/bin/node /usr/local/bin/firebase init
[debug] [2018-07-24T01:35:33.451Z] CLI Version:   3.19.3
[debug] [2018-07-24T01:35:33.451Z] Platform:      darwin
[debug] [2018-07-24T01:35:33.451Z] Node Version:  v8.11.3
[debug] [2018-07-24T01:35:33.451Z] Time:          Mon Jul 23 2018 21:35:33 GMT-0400 (EDT)
[debug] [2018-07-24T01:35:33.451Z] ----------------------------------------------------------------------
[debug] 
[debug] [2018-07-24T01:35:33.460Z] > command requires scopes: ["email","openid","https://www.googleapis.com/auth/cloudplatformprojects.readonly","https://www.googleapis.com/auth/firebase"]
[debug] [2018-07-24T01:35:33.461Z] > authorizing via signed-in user
[info] 
     🔥🔥🔥🔥🔥🔥🔥🔥 🔥🔥🔥🔥 🔥🔥🔥🔥🔥🔥🔥🔥  🔥🔥🔥🔥🔥🔥🔥🔥 🔥🔥🔥🔥🔥🔥🔥🔥     🔥🔥🔥     🔥🔥🔥🔥🔥🔥  🔥🔥🔥🔥🔥🔥🔥🔥
     🔥🔥        🔥🔥  🔥🔥     🔥🔥 🔥🔥       🔥🔥     🔥🔥  🔥🔥   🔥🔥  🔥🔥       🔥🔥
     🔥🔥🔥🔥🔥🔥    🔥🔥  🔥🔥🔥🔥🔥🔥🔥🔥  🔥🔥🔥🔥🔥🔥   🔥🔥🔥🔥🔥🔥🔥🔥  🔥🔥🔥🔥🔥🔥🔥🔥🔥  🔥🔥🔥🔥🔥🔥  🔥🔥🔥🔥🔥🔥
     🔥🔥        🔥🔥  🔥🔥    🔥🔥  🔥🔥       🔥🔥     🔥🔥 🔥🔥     🔥🔥       🔥🔥 🔥🔥
     🔥🔥       🔥🔥🔥🔥 🔥🔥     🔥🔥 🔥🔥🔥🔥🔥🔥🔥🔥 🔥🔥🔥🔥🔥🔥🔥🔥  🔥🔥     🔥🔥  🔥🔥🔥🔥🔥🔥  🔥🔥🔥🔥🔥🔥🔥🔥

You're about to initialize a Firebase project in this directory:

  /Users/Yiran/Documents/GitHub/mstu5013YiranDU

[info] 
=== Project Setup
[info] 
[info] First, let's associate this project directory with a Firebase project.
[info] You can create multiple project aliases by running firebase use --add, 
[info] but for now we'll just set up a default project.
[info] 
[debug] [2018-07-24T01:35:43.687Z] >>> HTTP REQUEST GET https://admin.firebase.com/v1/projects  
  
 Mon Jul 23 2018 21:35:43 GMT-0400 (EDT)
[debug] [2018-07-24T01:35:44.032Z] <<< HTTP RESPONSE 200
[info] 
=== Database Setup
[info] 
[info] Firebase Realtime Database Rules allow you to define how your data should be
[info] structured and when your data can be read from and written to.
[info] 
[info] ✔  Database Rules for undefined have been downloaded to database.rules.json.
[info] Future modifications to database.rules.json will update Database Rules when you run
[info] firebase deploy.
[info] 
=== Hosting Setup
[info] 
[info] Your public directory is the folder (relative to your project directory) that
[info] will contain Hosting assets to be uploaded with firebase deploy. If you
[info] have a build process for your assets, use your build's output directory.
[info] 
[debug] [2018-07-24T01:35:50.815Z] >>> HTTP REQUEST GET https://www.gstatic.com/firebasejs/releases.json  
  
 Mon Jul 23 2018 21:35:50 GMT-0400 (EDT)
[debug] [2018-07-24T01:35:50.860Z] <<< HTTP RESPONSE 200
[debug] [2018-07-24T01:35:50.862Z] Error: ENOTDIR: not a directory, open '/Users/Yiran/Documents/GitHub/mstu5013YiranDU/public/index.html'
    at Object.fs.openSync (fs.js:646:18)
    at Object.fs.writeFileSync (fs.js:1299:33)
    at Object.createFileSync (/usr/local/lib/node_modules/firebase-tools/node_modules/fs-extra/lib/ensure/file.js:34:6)
    at Config.writeProjectFile (/usr/local/lib/node_modules/firebase-tools/lib/config.js:194:6)
    at /usr/local/lib/node_modules/firebase-tools/lib/config.js:214:12
    at <anonymous>
    at process._tickDomainCallback (internal/process/next_tick.js:228:7)
[error] 
[error] Error: An unexpected error has occurred.
[debug] [2018-07-24T01:36:51.180Z] ----------------------------------------------------------------------
[debug] [2018-07-24T01:36:51.182Z] Command:       /usr/local/bin/node /usr/local/bin/firebase init
[debug] [2018-07-24T01:36:51.182Z] CLI Version:   3.19.3
[debug] [2018-07-24T01:36:51.182Z] Platform:      darwin
[debug] [2018-07-24T01:36:51.182Z] Node Version:  v8.11.3
[debug] [2018-07-24T01:36:51.182Z] Time:          Mon Jul 23 2018 21:36:51 GMT-0400 (EDT)
[debug] [2018-07-24T01:36:51.182Z] ----------------------------------------------------------------------
[debug] 
[debug] [2018-07-24T01:36:51.192Z] > command requires scopes: ["email","openid","https://www.googleapis.com/auth/cloudplatformprojects.readonly","https://www.googleapis.com/auth/firebase"]
[debug] [2018-07-24T01:36:51.192Z] > authorizing via signed-in user
[info] 
     🔥🔥🔥🔥🔥🔥🔥🔥 🔥🔥🔥🔥 🔥🔥🔥🔥🔥🔥🔥🔥  🔥🔥🔥🔥🔥🔥🔥🔥 🔥🔥🔥🔥🔥🔥🔥🔥     🔥🔥🔥     🔥🔥🔥🔥🔥🔥  🔥🔥🔥🔥🔥🔥🔥🔥
     🔥🔥        🔥🔥  🔥🔥     🔥🔥 🔥🔥       🔥🔥     🔥🔥  🔥🔥   🔥🔥  🔥🔥       🔥🔥
     🔥🔥🔥🔥🔥🔥    🔥🔥  🔥🔥🔥🔥🔥🔥🔥🔥  🔥🔥🔥🔥🔥🔥   🔥🔥🔥🔥🔥🔥🔥🔥  🔥🔥🔥🔥🔥🔥🔥🔥🔥  🔥🔥🔥🔥🔥🔥  🔥🔥🔥🔥🔥🔥
     🔥🔥        🔥🔥  🔥🔥    🔥🔥  🔥🔥       🔥🔥     🔥🔥 🔥🔥     🔥🔥       🔥🔥 🔥🔥
     🔥🔥       🔥🔥🔥🔥 🔥🔥     🔥🔥 🔥🔥🔥🔥🔥🔥🔥🔥 🔥🔥🔥🔥🔥🔥🔥🔥  🔥🔥     🔥🔥  🔥🔥🔥🔥🔥🔥  🔥🔥🔥🔥🔥🔥🔥🔥

You're about to initialize a Firebase project in this directory:

  /Users/Yiran/Documents/GitHub/mstu5013YiranDU

Before we get started, keep in mind:

  * You are initializing in an existing Firebase project directory

[info] 
=== Project Setup
[info] 
[info] First, let's associate this project directory with a Firebase project.
[info] You can create multiple project aliases by running firebase use --add, 
[info] but for now we'll just set up a default project.
[info] 
[debug] [2018-07-24T01:36:54.520Z] >>> HTTP REQUEST GET https://admin.firebase.com/v1/projects  
  
 Mon Jul 23 2018 21:36:54 GMT-0400 (EDT)
[debug] [2018-07-24T01:36:54.823Z] <<< HTTP RESPONSE 200
[info] 
=== Database Setup
[info] 
[info] Firebase Realtime Database Rules allow you to define how your data should be
[info] structured and when your data can be read from and written to.
[info] 
[info] ✔  Database Rules for undefined have been downloaded to database.rules.json.
[info] Future modifications to database.rules.json will update Database Rules when you run
[info] firebase deploy.
[info] 
=== Hosting Setup
[info] 
[info] Your public directory is the folder (relative to your project directory) that
[info] will contain Hosting assets to be uploaded with firebase deploy. If you
[info] have a build process for your assets, use your build's output directory.
[info] 
[debug] [2018-07-24T01:37:08.797Z] >>> HTTP REQUEST GET https://www.gstatic.com/firebasejs/releases.json  
  
 Mon Jul 23 2018 21:37:08 GMT-0400 (EDT)
[debug] [2018-07-24T01:37:08.855Z] <<< HTTP RESPONSE 200
[debug] [2018-07-24T01:37:08.858Z] Error: ENOTDIR: not a directory, open '/Users/Yiran/Documents/GitHub/mstu5013YiranDU/public/index.html'
    at Object.fs.openSync (fs.js:646:18)
    at Object.fs.writeFileSync (fs.js:1299:33)
    at Object.createFileSync (/usr/local/lib/node_modules/firebase-tools/node_modules/fs-extra/lib/ensure/file.js:34:6)
    at Config.writeProjectFile (/usr/local/lib/node_modules/firebase-tools/lib/config.js:194:6)
    at /usr/local/lib/node_modules/firebase-tools/lib/config.js:214:12
    at <anonymous>
    at process._tickDomainCallback (internal/process/next_tick.js:228:7)
[error] 
[error] Error: An unexpected error has occurred.
[debug] [2018-07-24T01:40:19.360Z] ----------------------------------------------------------------------
[debug] [2018-07-24T01:40:19.362Z] Command:       /usr/local/bin/node /usr/local/bin/firebase init
[debug] [2018-07-24T01:40:19.363Z] CLI Version:   3.19.3
[debug] [2018-07-24T01:40:19.363Z] Platform:      darwin
[debug] [2018-07-24T01:40:19.363Z] Node Version:  v8.11.3
[debug] [2018-07-24T01:40:19.363Z] Time:          Mon Jul 23 2018 21:40:19 GMT-0400 (EDT)
[debug] [2018-07-24T01:40:19.363Z] ----------------------------------------------------------------------
[debug] 
[debug] [2018-07-24T01:40:19.375Z] > command requires scopes: ["email","openid","https://www.googleapis.com/auth/cloudplatformprojects.readonly","https://www.googleapis.com/auth/firebase"]
[debug] [2018-07-24T01:40:19.375Z] > authorizing via signed-in user
[info] 
     🔥🔥🔥🔥🔥🔥🔥🔥 🔥🔥🔥🔥 🔥🔥🔥🔥🔥🔥🔥🔥  🔥🔥🔥🔥🔥🔥🔥🔥 🔥🔥🔥🔥🔥🔥🔥🔥     🔥🔥🔥     🔥🔥🔥🔥🔥🔥  🔥🔥🔥🔥🔥🔥🔥🔥
     🔥🔥        🔥🔥  🔥🔥     🔥🔥 🔥🔥       🔥🔥     🔥🔥  🔥🔥   🔥🔥  🔥🔥       🔥🔥
     🔥🔥🔥🔥🔥🔥    🔥🔥  🔥🔥🔥🔥🔥🔥🔥🔥  🔥🔥🔥🔥🔥🔥   🔥🔥🔥🔥🔥🔥🔥🔥  🔥🔥🔥🔥🔥🔥🔥🔥🔥  🔥🔥🔥🔥🔥🔥  🔥🔥🔥🔥🔥🔥
     🔥🔥        🔥🔥  🔥🔥    🔥🔥  🔥🔥       🔥🔥     🔥🔥 🔥🔥     🔥🔥       🔥🔥 🔥🔥
     🔥🔥       🔥🔥🔥🔥 🔥🔥     🔥🔥 🔥🔥🔥🔥🔥🔥🔥🔥 🔥🔥🔥🔥🔥🔥🔥🔥  🔥🔥     🔥🔥  🔥🔥🔥🔥🔥🔥  🔥🔥🔥🔥🔥🔥🔥🔥

You're about to initialize a Firebase project in this directory:

  /Users/Yiran/Documents/GitHub/mstu5013YiranDU

Before we get started, keep in mind:

  * You are initializing in an existing Firebase project directory

[info] 
=== Project Setup
[info] 
[info] First, let's associate this project directory with a Firebase project.
[info] You can create multiple project aliases by running firebase use --add, 
[info] but for now we'll just set up a default project.
[info] 
[debug] [2018-07-24T01:40:23.257Z] > refreshing access token with scopes: ["email","https://www.googleapis.com/auth/cloudplatformprojects.readonly","https://www.googleapis.com/auth/firebase","openid"]
[debug] [2018-07-24T01:40:23.258Z] >>> HTTP REQUEST POST https://www.googleapis.com/oauth2/v3/token  
 { refresh_token: '1/QGNiejwdK8MVkOQWjTa49xFDbxF4AL80Kk9A0A37Clk',
  client_id: '563584335869-fgrhgmd47bqnekij5i8b5pr03ho849e6.apps.googleusercontent.com',
  client_secret: 'j9iVZfS8kkCEFUPaAeJV0sAi',
  grant_type: 'refresh_token',
  scope: 'email https://www.googleapis.com/auth/cloudplatformprojects.readonly https://www.googleapis.com/auth/firebase openid' } 
 Mon Jul 23 2018 21:40:23 GMT-0400 (EDT)
[debug] [2018-07-24T01:40:23.402Z] <<< HTTP RESPONSE 200
[debug] [2018-07-24T01:40:23.420Z] >>> HTTP REQUEST GET https://admin.firebase.com/v1/projects  
  
 Mon Jul 23 2018 21:40:23 GMT-0400 (EDT)
[debug] [2018-07-24T01:40:23.872Z] <<< HTTP RESPONSE 200
[info] 
=== Database Setup
[info] 
[info] Firebase Realtime Database Rules allow you to define how your data should be
[info] structured and when your data can be read from and written to.
[info] 
[info] Skipping overwrite of Database Rules.
[info] The rules defined in database.rules.json will be published when you do firebase deploy.
[info] 
=== Hosting Setup
[info] 
[info] Your public directory is the folder (relative to your project directory) that
[info] will contain Hosting assets to be uploaded with firebase deploy. If you
[info] have a build process for your assets, use your build's output directory.
[info] 
[debug] [2018-07-24T01:40:39.901Z] Error: ENOTDIR: not a directory, open '/Users/Yiran/Documents/GitHub/mstu5013YiranDU/public/404.html'
    at Object.fs.openSync (fs.js:646:18)
    at Object.fs.writeFileSync (fs.js:1299:33)
    at Object.createFileSync (/usr/local/lib/node_modules/firebase-tools/node_modules/fs-extra/lib/ensure/file.js:34:6)
    at Config.writeProjectFile (/usr/local/lib/node_modules/firebase-tools/lib/config.js:194:6)
    at /usr/local/lib/node_modules/firebase-tools/lib/config.js:214:12
    at <anonymous>
    at process._tickDomainCallback (internal/process/next_tick.js:228:7)
[error] 
[error] Error: An unexpected error has occurred.
[debug] [2018-07-24T01:40:43.013Z] ----------------------------------------------------------------------
[debug] [2018-07-24T01:40:43.015Z] Command:       /usr/local/bin/node /usr/local/bin/firebase init
[debug] [2018-07-24T01:40:43.015Z] CLI Version:   3.19.3
[debug] [2018-07-24T01:40:43.015Z] Platform:      darwin
[debug] [2018-07-24T01:40:43.015Z] Node Version:  v8.11.3
[debug] [2018-07-24T01:40:43.015Z] Time:          Mon Jul 23 2018 21:40:43 GMT-0400 (EDT)
[debug] [2018-07-24T01:40:43.015Z] ----------------------------------------------------------------------
[debug] 
[debug] [2018-07-24T01:40:43.024Z] > command requires scopes: ["email","openid","https://www.googleapis.com/auth/cloudplatformprojects.readonly","https://www.googleapis.com/auth/firebase"]
[debug] [2018-07-24T01:40:43.024Z] > authorizing via signed-in user
[info] 
     🔥🔥🔥🔥🔥🔥🔥🔥 🔥🔥🔥🔥 🔥🔥🔥🔥🔥🔥🔥🔥  🔥🔥🔥🔥🔥🔥🔥🔥 🔥🔥🔥🔥🔥🔥🔥🔥     🔥🔥🔥     🔥🔥🔥🔥🔥🔥  🔥🔥🔥🔥🔥🔥🔥🔥
     🔥🔥        🔥🔥  🔥🔥     🔥🔥 🔥🔥       🔥🔥     🔥🔥  🔥🔥   🔥🔥  🔥🔥       🔥🔥
     🔥🔥🔥🔥🔥🔥    🔥🔥  🔥🔥🔥🔥🔥🔥🔥🔥  🔥🔥🔥🔥🔥🔥   🔥🔥🔥🔥🔥🔥🔥🔥  🔥🔥🔥🔥🔥🔥🔥🔥🔥  🔥🔥🔥🔥🔥🔥  🔥🔥🔥🔥🔥🔥
     🔥🔥        🔥🔥  🔥🔥    🔥🔥  🔥🔥       🔥🔥     🔥🔥 🔥🔥     🔥🔥       🔥🔥 🔥🔥
     🔥🔥       🔥🔥🔥🔥 🔥🔥     🔥🔥 🔥🔥🔥🔥🔥🔥🔥🔥 🔥🔥🔥🔥🔥🔥🔥🔥  🔥🔥     🔥🔥  🔥🔥🔥🔥🔥🔥  🔥🔥🔥🔥🔥🔥🔥🔥

You're about to initialize a Firebase project in this directory:

  /Users/Yiran/Documents/GitHub/mstu5013YiranDU

Before we get started, keep in mind:

  * You are initializing in an existing Firebase project directory

[info] 
=== Project Setup
[info] 
[info] First, let's associate this project directory with a Firebase project.
[info] You can create multiple project aliases by running firebase use --add, 
[info] but for now we'll just set up a default project.
[info] 
[debug] [2018-07-24T01:40:47.326Z] >>> HTTP REQUEST GET https://admin.firebase.com/v1/projects  
  
 Mon Jul 23 2018 21:40:47 GMT-0400 (EDT)
[debug] [2018-07-24T01:40:47.628Z] <<< HTTP RESPONSE 200
[info] 
=== Database Setup
[info] 
[info] Firebase Realtime Database Rules allow you to define how your data should be
[info] structured and when your data can be read from and written to.
[info] 
[info] ✔  Database Rules for undefined have been downloaded to database.rules.json.
[info] Future modifications to database.rules.json will update Database Rules when you run
[info] firebase deploy.
[info] 
=== Hosting Setup
[info] 
[info] Your public directory is the folder (relative to your project directory) that
[info] will contain Hosting assets to be uploaded with firebase deploy. If you
[info] have a build process for your assets, use your build's output directory.
[info] 
[debug] [2018-07-24T01:40:56.777Z] >>> HTTP REQUEST GET https://www.gstatic.com/firebasejs/releases.json  
  
 Mon Jul 23 2018 21:40:56 GMT-0400 (EDT)
[debug] [2018-07-24T01:40:56.915Z] <<< HTTP RESPONSE 200
[debug] [2018-07-24T01:40:56.918Z] Error: ENOTDIR: not a directory, open '/Users/Yiran/Documents/GitHub/mstu5013YiranDU/public/index.html'
    at Object.fs.openSync (fs.js:646:18)
    at Object.fs.writeFileSync (fs.js:1299:33)
    at Object.createFileSync (/usr/local/lib/node_modules/firebase-tools/node_modules/fs-extra/lib/ensure/file.js:34:6)
    at Config.writeProjectFile (/usr/local/lib/node_modules/firebase-tools/lib/config.js:194:6)
    at /usr/local/lib/node_modules/firebase-tools/lib/config.js:214:12
    at <anonymous>
    at process._tickDomainCallback (internal/process/next_tick.js:228:7)
[error] 
[error] Error: An unexpected error has occurred.
